01-31 16:05:17 svg2mod 1301:Font "BerkeleyMono-Bold" does not natively support style "Regular" using "Path" instead
01-31 16:05:17 svg2mod-unfiltered 262:Found SVG layer: F.SilkS
01-31 16:05:17 svg2mod 263:  Detailed names: [F.SilkS]
01-31 16:05:17 svg2mod 304:  Inlining 3 segments...
01-31 16:05:17 svg2mod 339:  Writing Text with 112 points
01-31 16:05:17 svg2mod 339:  Writing Text with 5 points
01-31 16:05:18 svg2mod 1301:Font "BerkeleyMono-Bold" does not natively support style "Regular" using "Path" instead
01-31 16:05:18 svg2mod-unfiltered 262:Found SVG layer: F.SilkS
01-31 16:05:18 svg2mod 263:  Detailed names: [F.SilkS]
01-31 16:05:18 svg2mod 304:  Inlining 4 segments...
01-31 16:05:18 svg2mod 339:  Writing Text with 121 points
01-31 16:05:18 svg2mod 339:  Writing Text with 5 points
01-31 16:05:19 svg2mod 1301:Font "BerkeleyMono-Bold" does not natively support style "Regular" using "Path" instead
01-31 16:05:19 svg2mod-unfiltered 262:Found SVG layer: F.SilkS
01-31 16:05:19 svg2mod 263:  Detailed names: [F.SilkS]
01-31 16:05:19 svg2mod 304:  Inlining 5 segments...
01-31 16:05:19 svg2mod 339:  Writing Text with 145 points
01-31 16:05:19 svg2mod 339:  Writing Text with 5 points
01-31 16:05:19 svg2mod 339:  Writing Text with 12 points
01-31 16:05:19 svg2mod 1301:Font "BerkeleyMono-Bold" does not natively support style "Regular" using "Path" instead
01-31 16:05:19 svg2mod-unfiltered 262:Found SVG layer: F.SilkS
01-31 16:05:19 svg2mod 263:  Detailed names: [F.SilkS]
01-31 16:05:19 svg2mod 304:  Inlining 6 segments...
01-31 16:05:19 svg2mod 339:  Writing Text with 157 points
01-31 16:05:19 svg2mod 339:  Writing Text with 5 points
01-31 16:05:19 svg2mod 339:  Writing Text with 12 points
01-31 16:05:20 svg2mod-unfiltered 262:Found SVG layer: F.SilkS
01-31 16:05:20 svg2mod 263:  Detailed names: [F.SilkS]
01-31 16:05:20 svg2mod 304:  Inlining 6 segments...
01-31 16:05:20 svg2mod 339:  Writing Text with 157 points
01-31 16:05:20 svg2mod 339:  Writing Text with 5 points
01-31 16:05:20 svg2mod 339:  Writing Text with 12 points
01-31 16:05:26 svg2mod 1301:Font "BerkeleyMono-Bold" does not natively support style "Regular" using "Path" instead
01-31 16:05:26 svg2mod-unfiltered 262:Found SVG layer: F.SilkS
01-31 16:05:26 svg2mod 263:  Detailed names: [F.SilkS]
01-31 16:05:26 svg2mod 304:  Inlining 3 segments...
01-31 16:05:26 svg2mod 339:  Writing Text with 112 points
01-31 16:05:26 svg2mod 339:  Writing Text with 5 points
01-31 16:05:27 svg2mod 1301:Font "BerkeleyMono-Bold" does not natively support style "Regular" using "Path" instead
01-31 16:05:27 svg2mod-unfiltered 262:Found SVG layer: F.SilkS
01-31 16:05:27 svg2mod 263:  Detailed names: [F.SilkS]
01-31 16:05:27 svg2mod 304:  Inlining 5 segments...
01-31 16:05:27 svg2mod 339:  Writing Text with 145 points
01-31 16:05:27 svg2mod 339:  Writing Text with 5 points
01-31 16:05:27 svg2mod 339:  Writing Text with 12 points
01-31 16:05:28 svg2mod 1301:Font "BerkeleyMono-Bold" does not natively support style "Regular" using "Path" instead
01-31 16:05:28 svg2mod-unfiltered 262:Found SVG layer: F.SilkS
01-31 16:05:28 svg2mod 263:  Detailed names: [F.SilkS]
01-31 16:05:28 svg2mod 304:  Inlining 6 segments...
01-31 16:05:28 svg2mod 339:  Writing Text with 187 points
01-31 16:05:28 svg2mod 339:  Writing Text with 5 points
01-31 16:05:28 svg2mod 339:  Writing Text with 12 points
01-31 16:05:28 svg2mod-unfiltered 262:Found SVG layer: F.SilkS
01-31 16:05:28 svg2mod 263:  Detailed names: [F.SilkS]
01-31 16:05:28 svg2mod 304:  Inlining 6 segments...
01-31 16:05:28 svg2mod 339:  Writing Text with 187 points
01-31 16:05:28 svg2mod 339:  Writing Text with 5 points
01-31 16:05:28 svg2mod 339:  Writing Text with 12 points
