01-31 15:48:28 svg2mod 1301:Font "BerkeleyMono-Bold" does not natively support style "Regular" using "Path" instead
01-31 15:48:28 svg2mod-unfiltered 262:Found SVG layer: F.SilkS
01-31 15:48:28 svg2mod 263:  Detailed names: [F.SilkS]
01-31 15:48:28 svg2mod 304:  Inlining 5 segments...
01-31 15:48:28 svg2mod 339:  Writing Text with 162 points
01-31 15:48:28 svg2mod 339:  Writing Text with 10 points
01-31 15:48:29 svg2mod 1301:Font "BerkeleyMono-Bold" does not natively support style "Regular" using "Path" instead
01-31 15:48:29 svg2mod-unfiltered 262:Found SVG layer: F.SilkS
01-31 15:48:29 svg2mod 263:  Detailed names: [F.SilkS]
01-31 15:48:29 svg2mod 304:  Inlining 6 segments...
01-31 15:48:29 svg2mod 339:  Writing Text with 170 points
01-31 15:48:29 svg2mod 339:  Writing Text with 10 points
01-31 15:48:29 svg2mod 1301:Font "BerkeleyMono-Bold" does not natively support style "Regular" using "Path" instead
01-31 15:48:29 svg2mod-unfiltered 262:Found SVG layer: F.SilkS
01-31 15:48:29 svg2mod 263:  Detailed names: [F.SilkS]
01-31 15:48:29 svg2mod 304:  Inlining 7 segments...
01-31 15:48:29 svg2mod 339:  Writing Text with 186 points
01-31 15:48:29 svg2mod 339:  Writing Text with 10 points
01-31 15:48:31 svg2mod-unfiltered 262:Found SVG layer: F.SilkS
01-31 15:48:31 svg2mod 263:  Detailed names: [F.SilkS]
01-31 15:48:31 svg2mod 304:  Inlining 7 segments...
01-31 15:48:31 svg2mod 339:  Writing Text with 186 points
01-31 15:48:31 svg2mod 339:  Writing Text with 10 points
01-31 15:48:42 svg2mod 1301:Font "BerkeleyMono-Bold" does not natively support style "Regular" using "Path" instead
01-31 15:48:42 svg2mod-unfiltered 262:Found SVG layer: F.SilkS
01-31 15:48:42 svg2mod 263:  Detailed names: [F.SilkS]
01-31 15:48:42 svg2mod 304:  Inlining 5 segments...
01-31 15:48:42 svg2mod 339:  Writing Text with 162 points
01-31 15:48:42 svg2mod 339:  Writing Text with 10 points
01-31 15:48:44 svg2mod 1301:Font "BerkeleyMono-Bold" does not natively support style "Regular" using "Path" instead
01-31 15:48:44 svg2mod-unfiltered 262:Found SVG layer: F.SilkS
01-31 15:48:44 svg2mod 263:  Detailed names: [F.SilkS]
01-31 15:48:44 svg2mod 304:  Inlining 6 segments...
01-31 15:48:44 svg2mod 339:  Writing Text with 170 points
01-31 15:48:44 svg2mod 339:  Writing Text with 10 points
01-31 15:48:44 svg2mod 1301:Font "BerkeleyMono-Bold" does not natively support style "Regular" using "Path" instead
01-31 15:48:44 svg2mod-unfiltered 262:Found SVG layer: F.SilkS
01-31 15:48:44 svg2mod 263:  Detailed names: [F.SilkS]
01-31 15:48:44 svg2mod 304:  Inlining 7 segments...
01-31 15:48:44 svg2mod 339:  Writing Text with 185 points
01-31 15:48:44 svg2mod 339:  Writing Text with 10 points
01-31 15:48:46 svg2mod-unfiltered 262:Found SVG layer: F.SilkS
01-31 15:48:46 svg2mod 263:  Detailed names: [F.SilkS]
01-31 15:48:46 svg2mod 304:  Inlining 7 segments...
01-31 15:48:46 svg2mod 339:  Writing Text with 185 points
01-31 15:48:46 svg2mod 339:  Writing Text with 10 points
01-31 16:03:38 svg2mod 1301:Font "BerkeleyMono-Bold" does not natively support style "Regular" using "Path" instead
01-31 16:03:38 svg2mod-unfiltered 262:Found SVG layer: F.SilkS
01-31 16:03:38 svg2mod 263:  Detailed names: [F.SilkS]
01-31 16:03:38 svg2mod 304:  Inlining 3 segments...
01-31 16:03:38 svg2mod 339:  Writing Text with 112 points
01-31 16:03:38 svg2mod 339:  Writing Text with 5 points
01-31 16:03:39 svg2mod 1301:Font "BerkeleyMono-Bold" does not natively support style "Regular" using "Path" instead
01-31 16:03:39 svg2mod-unfiltered 262:Found SVG layer: F.SilkS
01-31 16:03:39 svg2mod 263:  Detailed names: [F.SilkS]
01-31 16:03:39 svg2mod 304:  Inlining 2 segments...
01-31 16:03:39 svg2mod 339:  Writing Text with 98 points
01-31 16:03:39 svg2mod 339:  Writing Text with 5 points
01-31 16:03:39 svg2mod 1301:Font "BerkeleyMono-Bold" does not natively support style "Regular" using "Path" instead
01-31 16:03:39 svg2mod-unfiltered 262:Found SVG layer: F.SilkS
01-31 16:03:39 svg2mod 263:  Detailed names: [F.SilkS]
01-31 16:03:39 svg2mod 304:  Inlining 3 segments...
01-31 16:03:39 svg2mod 339:  Writing Text with 112 points
01-31 16:03:39 svg2mod 339:  Writing Text with 5 points
01-31 16:03:39 svg2mod 1301:Font "BerkeleyMono-Bold" does not natively support style "Regular" using "Path" instead
01-31 16:03:39 svg2mod-unfiltered 262:Found SVG layer: F.SilkS
01-31 16:03:39 svg2mod 263:  Detailed names: [F.SilkS]
01-31 16:03:39 svg2mod 304:  Inlining 5 segments...
01-31 16:03:39 svg2mod 339:  Writing Text with 136 points
01-31 16:03:39 svg2mod 339:  Writing Text with 5 points
01-31 16:03:41 svg2mod-unfiltered 262:Found SVG layer: F.SilkS
01-31 16:03:41 svg2mod 263:  Detailed names: [F.SilkS]
01-31 16:03:41 svg2mod 304:  Inlining 5 segments...
01-31 16:03:41 svg2mod 339:  Writing Text with 136 points
01-31 16:03:41 svg2mod 339:  Writing Text with 5 points
01-31 16:04:52 svg2mod 1301:Font "BerkeleyMono-Bold" does not natively support style "Regular" using "Path" instead
01-31 16:04:52 svg2mod-unfiltered 262:Found SVG layer: F.SilkS
01-31 16:04:52 svg2mod 263:  Detailed names: [F.SilkS]
01-31 16:04:52 svg2mod 304:  Inlining 3 segments...
01-31 16:04:52 svg2mod 339:  Writing Text with 112 points
01-31 16:04:52 svg2mod 339:  Writing Text with 5 points
01-31 16:04:53 svg2mod 1301:Font "BerkeleyMono-Bold" does not natively support style "Regular" using "Path" instead
01-31 16:04:53 svg2mod-unfiltered 262:Found SVG layer: F.SilkS
01-31 16:04:53 svg2mod 263:  Detailed names: [F.SilkS]
01-31 16:04:53 svg2mod 304:  Inlining 4 segments...
01-31 16:04:53 svg2mod 339:  Writing Text with 121 points
01-31 16:04:53 svg2mod 339:  Writing Text with 5 points
01-31 16:04:54 svg2mod 1301:Font "BerkeleyMono-Bold" does not natively support style "Regular" using "Path" instead
01-31 16:04:54 svg2mod-unfiltered 262:Found SVG layer: F.SilkS
01-31 16:04:54 svg2mod 263:  Detailed names: [F.SilkS]
01-31 16:04:54 svg2mod 304:  Inlining 5 segments...
01-31 16:04:54 svg2mod 339:  Writing Text with 135 points
01-31 16:04:54 svg2mod 339:  Writing Text with 5 points
01-31 16:04:55 svg2mod-unfiltered 262:Found SVG layer: F.SilkS
01-31 16:04:55 svg2mod 263:  Detailed names: [F.SilkS]
01-31 16:04:55 svg2mod 304:  Inlining 5 segments...
01-31 16:04:55 svg2mod 339:  Writing Text with 135 points
01-31 16:04:55 svg2mod 339:  Writing Text with 5 points
